/usr/local/lib/python3.10/dist-packages/joblib/_multiprocessing_helpers.py:44: UserWarning: [Errno 13] Permission denied.  joblib will operate in serial mode
  warnings.warn("%s.  joblib will operate in serial mode" % (e,))
/home/student/.local/lib/python3.10/site-packages/torch/cuda/__init__.py:141: UserWarning: CUDA initialization: Unexpected error from cudaGetDeviceCount(). Did you run some cuda functions before calling NumCudaDevices() that might have already set an error? Error 304: OS call failed or operation not supported on this OS (Triggered internally at ../c10/cuda/CUDAFunctions.cpp:108.)
  return torch._C._cuda_getDeviceCount() > 0
/home/student/Desktop/groundeep-analysis/groundeep_analysis/stages/probes.py:90: UserWarning: set_ticklabels() should only be used with a fixed number of ticks, i.e. after set_ticks() or using a FixedLocator.
  ax.set_xticklabels(ax.get_xticklabels(), rotation=45, ha="right")
/home/student/Desktop/groundeep-analysis/groundeep_analysis/internal/analyses/recon_metric_utils.py:165: UserWarning: [recon] Missing 19 combinations for (numerosity, cumarea_bin); applying interpolation. Sample: (1,1), (1,2), (1,3), (1,4), (3,4), (23,0), (24,0), (25,0)…
  warnings.warn(
/home/student/Desktop/groundeep-analysis/groundeep_analysis/internal/analyses/recon_metric_utils.py:172: FutureWarning: DataFrame.fillna with 'method' is deprecated and will raise in a future version. Use obj.ffill() or obj.bfill() instead.
  interp = interp.fillna(method="ffill").fillna(method="bfill")
/home/student/Desktop/groundeep-analysis/groundeep_analysis/internal/analyses/recon_metric_utils.py:173: FutureWarning: DataFrame.fillna with 'method' is deprecated and will raise in a future version. Use obj.ffill() or obj.bfill() instead.
  interp = interp.fillna(method="ffill", axis=1).fillna(method="bfill", axis=1)
/home/student/Desktop/groundeep-analysis/groundeep_analysis/internal/analyses/recon_metric_utils.py:165: UserWarning: [recon] Missing 8 combinations for (numerosity, convex_hull_bin); applying interpolation. Sample: (1,1), (1,2), (1,3), (1,4), (2,1), (2,2), (2,3), (2,4)
  warnings.warn(
/home/student/Desktop/groundeep-analysis/groundeep_analysis/internal/analyses/recon_metric_utils.py:172: FutureWarning: DataFrame.fillna with 'method' is deprecated and will raise in a future version. Use obj.ffill() or obj.bfill() instead.
  interp = interp.fillna(method="ffill").fillna(method="bfill")
/home/student/Desktop/groundeep-analysis/groundeep_analysis/internal/analyses/recon_metric_utils.py:173: FutureWarning: DataFrame.fillna with 'method' is deprecated and will raise in a future version. Use obj.ffill() or obj.bfill() instead.
  interp = interp.fillna(method="ffill", axis=1).fillna(method="bfill", axis=1)
/home/student/Desktop/groundeep-analysis/groundeep_analysis/internal/analyses/recon_metric_utils.py:217: FutureWarning: Series.fillna with 'method' is deprecated and will raise in a future version. Use obj.ffill() or obj.bfill() instead.
  grouped_all = grouped_all.fillna(method="ffill").fillna(method="bfill")
/home/student/Desktop/groundeep-analysis/groundeep_analysis/internal/analyses/recon_metric_utils.py:231: UserWarning: [recon] Missing numerosity values for Cumulative Area bin '[187, 562)': [23, 24, 25, 26, 27, 28, 29, 30, 31, 32]. Interpolating to keep lines continuous.
  warnings.warn(
/home/student/Desktop/groundeep-analysis/groundeep_analysis/internal/analyses/recon_metric_utils.py:236: FutureWarning: Series.fillna with 'method' is deprecated and will raise in a future version. Use obj.ffill() or obj.bfill() instead.
  series = series.fillna(method="ffill").fillna(method="bfill")
/home/student/Desktop/groundeep-analysis/groundeep_analysis/internal/analyses/recon_metric_utils.py:231: UserWarning: [recon] Missing numerosity values for Cumulative Area bin '[562, 700)': [1, 29, 30, 31, 32]. Interpolating to keep lines continuous.
  warnings.warn(
/home/student/Desktop/groundeep-analysis/groundeep_analysis/internal/analyses/recon_metric_utils.py:231: UserWarning: [recon] Missing numerosity values for Cumulative Area bin '[700, 800)': [1]. Interpolating to keep lines continuous.
  warnings.warn(
/home/student/Desktop/groundeep-analysis/groundeep_analysis/internal/analyses/recon_metric_utils.py:231: UserWarning: [recon] Missing numerosity values for Cumulative Area bin '[800, 919)': [1]. Interpolating to keep lines continuous.
  warnings.warn(
/home/student/Desktop/groundeep-analysis/groundeep_analysis/internal/analyses/recon_metric_utils.py:231: UserWarning: [recon] Missing numerosity values for Cumulative Area bin '[919, 1.3e+03]': [1, 3]. Interpolating to keep lines continuous.
  warnings.warn(
/home/student/Desktop/groundeep-analysis/groundeep_analysis/internal/analyses/recon_metric_utils.py:260: UserWarning: [recon] statsmodels not available; skipping regression summaries.
  warnings.warn("[recon] statsmodels not available; skipping regression summaries.")
/home/student/Desktop/groundeep-analysis/groundeep_analysis/internal/analyses/recon_metric_utils.py:165: UserWarning: [recon] Missing 19 combinations for (numerosity, cumarea_bin); applying interpolation. Sample: (1,1), (1,2), (1,3), (1,4), (3,4), (23,0), (24,0), (25,0)…
  warnings.warn(
/home/student/Desktop/groundeep-analysis/groundeep_analysis/internal/analyses/recon_metric_utils.py:172: FutureWarning: DataFrame.fillna with 'method' is deprecated and will raise in a future version. Use obj.ffill() or obj.bfill() instead.
  interp = interp.fillna(method="ffill").fillna(method="bfill")
/home/student/Desktop/groundeep-analysis/groundeep_analysis/internal/analyses/recon_metric_utils.py:173: FutureWarning: DataFrame.fillna with 'method' is deprecated and will raise in a future version. Use obj.ffill() or obj.bfill() instead.
  interp = interp.fillna(method="ffill", axis=1).fillna(method="bfill", axis=1)
